# JRE version: OpenJDK Runtime Environment Temurin-21.0.6+7 (21.0.6+7) (build 21.0.6+7-LTS)
# Java VM: OpenJDK 64-Bit Server VM Temurin-21.0.6+7 (21.0.6+7-LTS, mixed mode, emulated-client, sharing, tiered, compressed oops, compressed class ptrs, g1 gc, windows-amd64)
GC Precious Log:
 CardTable entry size: 512
 Card Set container configuration: InlinePtr #cards 5 size 8 Array Of Cards #cards 12 size 40 Howl #buckets 4 coarsen threshold 1843 Howl Bitmap #cards 512 size 80 coarsen threshold 460 Card regions per heap region 1 cards per card region 2048
 CPUs: 12 total, 12 available
 Memory: 7913M
 Large Page Support: Disabled
 NUMA Support: Disabled
 Compressed Oops: Enabled (32-bit)
 Heap Region Size: 1M
 Heap Min Capacity: 8M
 Heap Initial Capacity: 124M
 Heap Max Capacity: 1980M
 Pre-touch: Disabled
 Parallel Workers: 10
 Concurrent Workers: 3
 Concurrent Refinement Workers: 10
 Periodic GC: Disabled
Heap:
 garbage-first heap   total 122880K, used 106230K [0x0000000084400000, 0x0000000100000000)
  region size 1024K, 63 young (64512K), 7 survivors (7168K)
 Metaspace       used 93144K, committed 93952K, reserved 1179648K
  class space    used 12979K, committed 13376K, reserved 1048576K
GC Heap History (20 events):
Event: 169.933 GC heap after
{Heap after GC invocations=34 (full 3):
 garbage-first heap   total 118784K, used 42715K [0x0000000084400000, 0x0000000100000000)
  region size 1024K, 6 young (6144K), 6 survivors (6144K)
 Metaspace       used 84579K, committed 85440K, reserved 1179648K
  class space    used 11861K, committed 12224K, reserved 1048576K
}
Event: 170.554 GC heap before
{Heap before GC invocations=34 (full 3):
 garbage-first heap   total 118784K, used 102107K [0x0000000084400000, 0x0000000100000000)
  region size 1024K, 64 young (65536K), 6 survivors (6144K)
 Metaspace       used 85095K, committed 85824K, reserved 1179648K
  class space    used 11905K, committed 12288K, reserved 1048576K
}
Event: 170.561 GC heap after
{Heap after GC invocations=35 (full 3):
 garbage-first heap   total 118784K, used 46625K [0x0000000084400000, 0x0000000100000000)
  region size 1024K, 5 young (5120K), 5 survivors (5120K)
 Metaspace       used 85095K, committed 85824K, reserved 1179648K
  class space    used 11905K, committed 12288K, reserved 1048576K
}
Event: 181.286 GC heap before
{Heap before GC invocations=35 (full 3):
 garbage-first heap   total 118784K, used 54817K [0x0000000084400000, 0x0000000100000000)
  region size 1024K, 14 young (14336K), 5 survivors (5120K)
 Metaspace       used 85106K, committed 85824K, reserved 1179648K
  class space    used 11907K, committed 12288K, reserved 1048576K
}
Event: 181.337 GC heap after
{Heap after GC invocations=36 (full 4):
 garbage-first heap   total 118784K, used 37235K [0x0000000084400000, 0x0000000100000000)
  region size 1024K, 0 young (0K), 0 survivors (0K)
 Metaspace       used 85087K, committed 85824K, reserved 1179648K
  class space    used 11905K, committed 12288K, reserved 1048576K
}
Event: 181.928 GC heap before
{Heap before GC invocations=36 (full 4):
 garbage-first heap   total 118784K, used 99699K [0x0000000084400000, 0x0000000100000000)
  region size 1024K, 62 young (63488K), 0 survivors (0K)
 Metaspace       used 85385K, committed 86080K, reserved 1179648K
  class space    used 11959K, committed 12288K, reserved 1048576K
}
Event: 181.933 GC heap after
{Heap after GC invocations=37 (full 4):
 garbage-first heap   total 118784K, used 42940K [0x0000000084400000, 0x0000000100000000)
  region size 1024K, 6 young (6144K), 6 survivors (6144K)
 Metaspace       used 85385K, committed 86080K, reserved 1179648K
  class space    used 11959K, committed 12288K, reserved 1048576K
}
Event: 182.473 GC heap before
{Heap before GC invocations=37 (full 4):
 garbage-first heap   total 118784K, used 100284K [0x0000000084400000, 0x0000000100000000)
  region size 1024K, 62 young (63488K), 6 survivors (6144K)
 Metaspace       used 85912K, committed 86528K, reserved 1179648K
  class space    used 12008K, committed 12288K, reserved 1048576K
}
Event: 182.479 GC heap after
{Heap after GC invocations=38 (full 4):
 garbage-first heap   total 118784K, used 46754K [0x0000000084400000, 0x0000000100000000)
  region size 1024K, 5 young (5120K), 5 survivors (5120K)
 Metaspace       used 85912K, committed 86528K, reserved 1179648K
  class space    used 12008K, committed 12288K, reserved 1048576K
}
Event: 524.955 GC heap before
{Heap before GC invocations=38 (full 4):
 garbage-first heap   total 118784K, used 101026K [0x0000000084400000, 0x0000000100000000)
  region size 1024K, 58 young (59392K), 5 survivors (5120K)
 Metaspace       used 87108K, committed 87872K, reserved 1179648K
  class space    used 12174K, committed 12544K, reserved 1048576K
}
Event: 524.986 GC heap after
{Heap after GC invocations=39 (full 4):
 garbage-first heap   total 143360K, used 47475K [0x0000000084400000, 0x0000000100000000)
  region size 1024K, 5 young (5120K), 5 survivors (5120K)
 Metaspace       used 87108K, committed 87872K, reserved 1179648K
  class space    used 12174K, committed 12544K, reserved 1048576K
}
Event: 723.337 GC heap before
{Heap before GC invocations=40 (full 4):
 garbage-first heap   total 143360K, used 115939K [0x0000000084400000, 0x0000000100000000)
  region size 1024K, 74 young (75776K), 5 survivors (5120K)
 Metaspace       used 91395K, committed 92160K, reserved 1179648K
  class space    used 12759K, committed 13120K, reserved 1048576K
}
Event: 723.407 GC heap after
{Heap after GC invocations=41 (full 5):
 garbage-first heap   total 122880K, used 34176K [0x0000000084400000, 0x0000000100000000)
  region size 1024K, 0 young (0K), 0 survivors (0K)
 Metaspace       used 91354K, committed 92160K, reserved 1179648K
  class space    used 12752K, committed 13120K, reserved 1048576K
}
Event: 724.279 GC heap before
{Heap before GC invocations=41 (full 5):
 garbage-first heap   total 122880K, used 104832K [0x0000000084400000, 0x0000000100000000)
  region size 1024K, 70 young (71680K), 0 survivors (0K)
 Metaspace       used 91767K, committed 92544K, reserved 1179648K
  class space    used 12828K, committed 13184K, reserved 1048576K
}
Event: 724.289 GC heap after
{Heap after GC invocations=42 (full 5):
 garbage-first heap   total 122880K, used 42071K [0x0000000084400000, 0x0000000100000000)
  region size 1024K, 8 young (8192K), 8 survivors (8192K)
 Metaspace       used 91767K, committed 92544K, reserved 1179648K
  class space    used 12828K, committed 13184K, reserved 1048576K
}
Event: 740.534 GC heap before
{Heap before GC invocations=43 (full 5):
 garbage-first heap   total 122880K, used 105559K [0x0000000084400000, 0x0000000100000000)
  region size 1024K, 70 young (71680K), 8 survivors (8192K)
 Metaspace       used 92384K, committed 93248K, reserved 1179648K
  class space    used 12903K, committed 13312K, reserved 1048576K
}
Event: 740.549 GC heap after
{Heap after GC invocations=44 (full 5):
 garbage-first heap   total 122880K, used 45866K [0x0000000084400000, 0x0000000100000000)
  region size 1024K, 6 young (6144K), 6 survivors (6144K)
 Metaspace       used 92384K, committed 93248K, reserved 1179648K
  class space    used 12903K, committed 13312K, reserved 1048576K
}
Event: 741.062 GC heap before
{Heap before GC invocations=44 (full 5):
 garbage-first heap   total 122880K, used 105258K [0x0000000084400000, 0x0000000100000000)
  region size 1024K, 65 young (66560K), 6 survivors (6144K)
 Metaspace       used 92728K, committed 93504K, reserved 1179648K
  class space    used 12949K, committed 13312K, reserved 1048576K
}
Event: 741.069 GC heap after
{Heap after GC invocations=45 (full 5):
 garbage-first heap   total 122880K, used 48886K [0x0000000084400000, 0x0000000100000000)
  region size 1024K, 5 young (5120K), 5 survivors (5120K)
 Metaspace       used 92728K, committed 93504K, reserved 1179648K
  class space    used 12949K, committed 13312K, reserved 1048576K
}
Event: 1061.951 GC heap before
{Heap before GC invocations=45 (full 5):
 garbage-first heap   total 122880K, used 106230K [0x0000000084400000, 0x0000000100000000)
  region size 1024K, 61 young (62464K), 5 survivors (5120K)
 Metaspace       used 93144K, committed 93952K, reserved 1179648K
  class space    used 12979K, committed 13376K, reserved 1048576K
}

